Launching 270 runs on 7 workers, num_steps=15000
  [   5/270]     45s elapsed, ~  2388s remaining  | last: sig0.05_lr0.0005_B256_beta_dtd_beta0.75_s0  best_mae=38.50
  [  10/270]     73s elapsed, ~  1901s remaining  | last: sig0.05_lr0.0005_B256_beta_dtd_beta0.5_s1  best_mae=37.70
  [  15/270]    105s elapsed, ~  1790s remaining  | last: sig0.05_lr0.0005_B256_beta_dtd_beta0.75_s2  best_mae=40.81
  [  20/270]    178s elapsed, ~  2223s remaining  | last: sig0.05_lr0.0005_B1024_beta_dtd_beta0.75_s0  best_mae=37.82
  [  25/270]    258s elapsed, ~  2526s remaining  | last: sig0.05_lr0.0005_B1024_beta_dtd_beta0.5_s1  best_mae=34.43
  [  30/270]    339s elapsed, ~  2715s remaining  | last: sig0.05_lr0.0005_B1024_beta_dtd_beta0.75_s2  best_mae=36.40
  [  35/270]    776s elapsed, ~  5212s remaining  | last: sig0.05_lr0.0005_B4096_beta_dtd_beta0.5_s0  best_mae=27.99
  [  40/270]   1091s elapsed, ~  6274s remaining  | last: sig0.05_lr0.002_B256_td_beta0_s0  best_mae=7.88
  [  45/270]   1168s elapsed, ~  5838s remaining  | last: sig0.05_lr0.002_B256_beta_dtd_beta0.5_s0  best_mae=9.46
  [  50/270]   1208s elapsed, ~  5314s remaining  | last: sig0.05_lr0.002_B256_beta_dtd_beta0.1_s1  best_mae=11.28
  [  55/270]   1244s elapsed, ~  4863s remaining  | last: sig0.05_lr0.0005_B4096_beta_dtd_beta0.5_s2  best_mae=29.10
  [  60/270]   1296s elapsed, ~  4535s remaining  | last: sig0.05_lr0.002_B1024_td_beta0_s0  best_mae=5.89
  [  65/270]   1345s elapsed, ~  4243s remaining  | last: sig0.05_lr0.002_B1024_beta_dtd_beta0.75_s0  best_mae=12.45
  [  70/270]   1439s elapsed, ~  4112s remaining  | last: sig0.05_lr0.002_B1024_beta_dtd_beta0.75_s1  best_mae=10.46
  [  75/270]   1537s elapsed, ~  3996s remaining  | last: sig0.05_lr0.002_B1024_beta_dtd_beta0.75_s2  best_mae=9.56
  [  80/270]   1850s elapsed, ~  4393s remaining  | last: sig0.05_lr0.002_B4096_beta_dtd_beta0.5_s0  best_mae=3.97
  [  85/270]   2397s elapsed, ~  5216s remaining  | last: sig0.05_lr0.005_B256_td_beta0_s0  best_mae=11.00
  [  90/270]   2645s elapsed, ~  5290s remaining  | last: sig0.05_lr0.005_B256_beta_dtd_beta0.25_s0  best_mae=8.33
  [  95/270]   2746s elapsed, ~  5059s remaining  | last: sig0.05_lr0.005_B256_beta_dtd_beta0.1_s1  best_mae=11.98
  [ 100/270]   2823s elapsed, ~  4800s remaining  | last: sig0.05_lr0.005_B256_beta_dtd_beta0.75_s1  best_mae=12.75
  [ 105/270]   3053s elapsed, ~  4797s remaining  | last: sig0.05_lr0.005_B1024_td_beta0_s0  best_mae=6.31
  [ 110/270]   3204s elapsed, ~  4660s remaining  | last: sig0.05_lr0.005_B1024_beta_dtd_beta0.75_s0  best_mae=8.88
  [ 115/270]   3470s elapsed, ~  4677s remaining  | last: sig0.05_lr0.005_B1024_beta_dtd_beta0.5_s1  best_mae=5.89
  [ 120/270]   3787s elapsed, ~  4734s remaining  | last: sig0.05_lr0.005_B1024_beta_dtd_beta0.75_s2  best_mae=7.64
  [ 125/270]   4892s elapsed, ~  5675s remaining  | last: sig0.05_lr0.005_B4096_beta_dtd_beta0.5_s0  best_mae=3.51
  [ 130/270]   5960s elapsed, ~  6418s remaining  | last: sig0.2_lr0.0005_B256_td_beta0_s0  best_mae=65.25
  [ 135/270]   6265s elapsed, ~  6265s remaining  | last: sig0.2_lr0.0005_B256_beta_dtd_beta0.25_s0  best_mae=64.26
  [ 140/270]   6390s elapsed, ~  5933s remaining  | last: sig0.2_lr0.0005_B256_beta_dtd_beta0.25_s1  best_mae=67.93
  [ 145/270]   6445s elapsed, ~  5556s remaining  | last: sig0.2_lr0.0005_B256_td_beta0_s2  best_mae=64.14
  [ 150/270]   6645s elapsed, ~  5316s remaining  | last: sig0.2_lr0.0005_B1024_td_beta0_s0  best_mae=61.14
  [ 155/270]   6789s elapsed, ~  5037s remaining  | last: sig0.2_lr0.0005_B1024_beta_dtd_beta0.75_s0  best_mae=104.98
  [ 160/270]   7024s elapsed, ~  4829s remaining  | last: sig0.2_lr0.0005_B1024_beta_dtd_beta0.5_s1  best_mae=86.12
  [ 165/270]   7306s elapsed, ~  4649s remaining  | last: sig0.2_lr0.0005_B1024_beta_dtd_beta0.75_s2  best_mae=100.22
  [ 170/270]   8329s elapsed, ~  4899s remaining  | last: sig0.2_lr0.0005_B4096_beta_dtd_beta0.5_s0  best_mae=76.14
  [ 175/270]   9700s elapsed, ~  5266s remaining  | last: sig0.2_lr0.002_B256_td_beta0_s0  best_mae=14.23
  [ 180/270]   9933s elapsed, ~  4966s remaining  | last: sig0.2_lr0.002_B256_beta_dtd_beta0.25_s0  best_mae=18.67
  [ 185/270]  10036s elapsed, ~  4611s remaining  | last: sig0.2_lr0.002_B256_beta_dtd_beta0.1_s1  best_mae=7.05
  [ 190/270]  10079s elapsed, ~  4244s remaining  | last: sig0.2_lr0.0005_B4096_beta_dtd_beta0.5_s2  best_mae=77.60
  [ 195/270]  10287s elapsed, ~  3957s remaining  | last: sig0.2_lr0.002_B1024_td_beta0_s0  best_mae=9.61
  [ 200/270]  10419s elapsed, ~  3647s remaining  | last: sig0.2_lr0.002_B1024_beta_dtd_beta0.25_s0  best_mae=12.43
  [ 205/270]  10715s elapsed, ~  3398s remaining  | last: sig0.2_lr0.002_B1024_beta_dtd_beta0.5_s1  best_mae=32.26
  [ 210/270]  10974s elapsed, ~  3135s remaining  | last: sig0.2_lr0.002_B1024_beta_dtd_beta0.75_s2  best_mae=78.97
  [ 215/270]  12088s elapsed, ~  3092s remaining  | last: sig0.2_lr0.002_B4096_beta_dtd_beta0.5_s0  best_mae=27.00
  [ 220/270]  15445s elapsed, ~  3510s remaining  | last: sig0.2_lr0.005_B256_td_beta0_s0  best_mae=14.91
  [ 225/270]  15648s elapsed, ~  3130s remaining  | last: sig0.2_lr0.005_B256_beta_dtd_beta0.25_s0  best_mae=18.70
  [ 230/270]  15753s elapsed, ~  2740s remaining  | last: sig0.2_lr0.002_B4096_beta_dtd_beta0.25_s2  best_mae=12.95
  [ 235/270]  15827s elapsed, ~  2357s remaining  | last: sig0.2_lr0.005_B256_td_beta0_s2  best_mae=17.57
  [ 240/270]  16606s elapsed, ~  2076s remaining  | last: sig0.2_lr0.005_B1024_td_beta0_s0  best_mae=10.35
  [ 245/270]  16657s elapsed, ~  1700s remaining  | last: sig0.2_lr0.005_B1024_beta_dtd_beta0.75_s0  best_mae=81.91
  [ 250/270]  16739s elapsed, ~  1339s remaining  | last: sig0.2_lr0.005_B1024_beta_dtd_beta0.5_s1  best_mae=26.81
  [ 255/270]  16823s elapsed, ~   990s remaining  | last: sig0.2_lr0.005_B1024_beta_dtd_beta0.75_s2  best_mae=69.87
  [ 260/270]  17140s elapsed, ~   659s remaining  | last: sig0.2_lr0.005_B4096_beta_dtd_beta0.5_s0  best_mae=20.16
  [ 265/270]  17523s elapsed, ~   331s remaining  | last: sig0.2_lr0.005_B4096_beta_dtd_beta0.5_s1  best_mae=23.67
  [ 270/270]  17689s elapsed, ~     0s remaining  | last: sig0.2_lr0.005_B4096_beta_dtd_beta0.75_s2  best_mae=78.21
wrote results/hpo_sweep/runs.csv  (270 rows, 17690s total)
